<?xml version="1.0" encoding="UTF-8"?>
<!-- Generated by org.testng.reporters.JUnitReportReporter -->
<testsuite hostname="DESKTOP-VQ5V4A3" failures="0" tests="1" name="Test_class.Test_Class" time="3.681" errors="0" timestamp="2022-09-12T18:36:32 IST" skipped="0">
  <testcase classname="Test_class.Test_Class" name="getuserID" time="3.681"/>
  <system-out>
    <![CDATA[im running from verifyID]]>
  </system-out>
</testsuite> <!-- Test_class.Test_Class -->
